{"/Users/harry/Work/mufin/msq-relayer-service/packages/queue-consumer/src/consumer.module.ts": {"path":"/Users/harry/Work/mufin/msq-relayer-service/packages/queue-consumer/src/consumer.module.ts","statementMap":{"0":{"start":{"line":1,"column":0},"end":{"line":1,"column":40}},"1":{"start":{"line":2,"column":0},"end":{"line":2,"column":46}},"2":{"start":{"line":3,"column":0},"end":{"line":3,"column":53}},"3":{"start":{"line":4,"column":0},"end":{"line":4,"column":47}},"4":{"start":{"line":5,"column":0},"end":{"line":5,"column":60}},"5":{"start":{"line":6,"column":0},"end":{"line":6,"column":56}},"6":{"start":{"line":7,"column":0},"end":{"line":7,"column":51}},"7":{"start":{"line":23,"column":7},"end":{"line":23,"column":null}},"8":{"start":{"line":23,"column":13},"end":{"line":23,"column":27}},"9":{"start":{"line":23,"column":13},"end":{"line":23,"column":null}}},"fnMap":{},"branchMap":{},"s":{"0":0,"1":0,"2":0,"3":0,"4":0,"5":0,"6":0,"7":0,"8":0,"9":0},"f":{},"b":{}}
,"/Users/harry/Work/mufin/msq-relayer-service/packages/queue-consumer/src/consumer.service.ts": {"path":"/Users/harry/Work/mufin/msq-relayer-service/packages/queue-consumer/src/consumer.service.ts","statementMap":{"0":{"start":{"line":1,"column":0},"end":{"line":1,"column":null}},"1":{"start":{"line":7,"column":0},"end":{"line":7,"column":47}},"2":{"start":{"line":8,"column":0},"end":{"line":8,"column":47}},"3":{"start":{"line":9,"column":0},"end":{"line":9,"column":60}},"4":{"start":{"line":10,"column":0},"end":{"line":10,"column":56}},"5":{"start":{"line":13,"column":28},"end":{"line":142,"column":null}},"6":{"start":{"line":19,"column":12},"end":{"line":19,"column":24}},"7":{"start":{"line":20,"column":12},"end":{"line":20,"column":27}},"8":{"start":{"line":21,"column":12},"end":{"line":21,"column":20}},"9":{"start":{"line":22,"column":12},"end":{"line":22,"column":27}},"10":{"start":{"line":14,"column":19},"end":{"line":14,"column":61}},"11":{"start":{"line":15,"column":10},"end":{"line":15,"column":33}},"12":{"start":{"line":16,"column":10},"end":{"line":16,"column":58}},"13":{"start":{"line":26,"column":4},"end":{"line":26,"column":52}},"14":{"start":{"line":27,"column":4},"end":{"line":27,"column":27}},"15":{"start":{"line":31,"column":4},"end":{"line":31,"column":80}},"16":{"start":{"line":32,"column":4},"end":{"line":32,"column":31}},"17":{"start":{"line":34,"column":4},"end":{"line":36,"column":5}},"18":{"start":{"line":35,"column":6},"end":{"line":35,"column":43}},"19":{"start":{"line":39,"column":4},"end":{"line":39,"column":46}},"20":{"start":{"line":40,"column":4},"end":{"line":40,"column":53}},"21":{"start":{"line":45,"column":4},"end":{"line":45,"column":61}},"22":{"start":{"line":45,"column":35},"end":{"line":45,"column":59}},"23":{"start":{"line":49,"column":4},"end":{"line":60,"column":5}},"24":{"start":{"line":50,"column":6},"end":{"line":53,"column":9}},"25":{"start":{"line":51,"column":20},"end":{"line":51,"column":34}},"26":{"start":{"line":52,"column":8},"end":{"line":52,"column":84}},"27":{"start":{"line":56,"column":6},"end":{"line":59,"column":8}},"28":{"start":{"line":57,"column":14},"end":{"line":57,"column":36}},"29":{"start":{"line":64,"column":4},"end":{"line":66,"column":5}},"30":{"start":{"line":65,"column":6},"end":{"line":65,"column":13}},"31":{"start":{"line":68,"column":4},"end":{"line":90,"column":5}},"32":{"start":{"line":69,"column":21},"end":{"line":69,"column":55}},"33":{"start":{"line":70,"column":23},"end":{"line":72,"column":null}},"34":{"start":{"line":75,"column":6},"end":{"line":77,"column":7}},"35":{"start":{"line":76,"column":8},"end":{"line":76,"column":15}},"36":{"start":{"line":79,"column":6},"end":{"line":86,"column":7}},"37":{"start":{"line":80,"column":8},"end":{"line":83,"column":9}},"38":{"start":{"line":81,"column":10},"end":{"line":81,"column":78}},"39":{"start":{"line":82,"column":10},"end":{"line":82,"column":16}},"40":{"start":{"line":85,"column":8},"end":{"line":85,"column":42}},"41":{"start":{"line":88,"column":18},"end":{"line":88,"column":32}},"42":{"start":{"line":89,"column":6},"end":{"line":89,"column":79}},"43":{"start":{"line":94,"column":47},"end":{"line":94,"column":54}},"44":{"start":{"line":96,"column":4},"end":{"line":140,"column":5}},"45":{"start":{"line":97,"column":26},"end":{"line":97,"column":42}},"46":{"start":{"line":98,"column":47},"end":{"line":98,"column":58}},"47":{"start":{"line":100,"column":6},"end":{"line":100,"column":72}},"48":{"start":{"line":103,"column":26},"end":{"line":105,"column":8}},"49":{"start":{"line":107,"column":6},"end":{"line":113,"column":7}},"50":{"start":{"line":108,"column":8},"end":{"line":110,"column":10}},"51":{"start":{"line":111,"column":8},"end":{"line":111,"column":59}},"52":{"start":{"line":112,"column":8},"end":{"line":112,"column":15}},"53":{"start":{"line":116,"column":21},"end":{"line":116,"column":70}},"54":{"start":{"line":119,"column":6},"end":{"line":125,"column":9}},"55":{"start":{"line":128,"column":6},"end":{"line":128,"column":57}},"56":{"start":{"line":130,"column":6},"end":{"line":130,"column":74}},"57":{"start":{"line":132,"column":18},"end":{"line":132,"column":32}},"58":{"start":{"line":133,"column":6},"end":{"line":136,"column":8}},"59":{"start":{"line":13,"column":13},"end":{"line":13,"column":28}},"60":{"start":{"line":13,"column":13},"end":{"line":142,"column":null}}},"fnMap":{"0":{"name":"(anonymous_2)","decl":{"start":{"line":18,"column":2},"end":{"line":18,"column":null}},"loc":{"start":{"line":22,"column":40},"end":{"line":23,"column":6}}},"1":{"name":"(anonymous_3)","decl":{"start":{"line":25,"column":2},"end":{"line":25,"column":7}},"loc":{"start":{"line":25,"column":20},"end":{"line":28,"column":3}}},"2":{"name":"(anonymous_4)","decl":{"start":{"line":30,"column":2},"end":{"line":30,"column":7}},"loc":{"start":{"line":30,"column":23},"end":{"line":41,"column":3}}},"3":{"name":"(anonymous_5)","decl":{"start":{"line":43,"column":10},"end":{"line":43,"column":15}},"loc":{"start":{"line":43,"column":55},"end":{"line":46,"column":3}}},"4":{"name":"(anonymous_6)","decl":{"start":{"line":45,"column":22},"end":{"line":45,"column":23}},"loc":{"start":{"line":45,"column":35},"end":{"line":45,"column":59}}},"5":{"name":"(anonymous_7)","decl":{"start":{"line":48,"column":10},"end":{"line":48,"column":25}},"loc":{"start":{"line":48,"column":25},"end":{"line":61,"column":3}}},"6":{"name":"(anonymous_8)","decl":{"start":{"line":50,"column":35},"end":{"line":50,"column":36}},"loc":{"start":{"line":50,"column":54},"end":{"line":53,"column":7}}},"7":{"name":"(anonymous_9)","decl":{"start":{"line":57,"column":8},"end":{"line":57,"column":11}},"loc":{"start":{"line":57,"column":14},"end":{"line":57,"column":36}}},"8":{"name":"(anonymous_10)","decl":{"start":{"line":63,"column":2},"end":{"line":63,"column":7}},"loc":{"start":{"line":63,"column":23},"end":{"line":91,"column":3}}},"9":{"name":"(anonymous_11)","decl":{"start":{"line":93,"column":10},"end":{"line":93,"column":15}},"loc":{"start":{"line":93,"column":42},"end":{"line":141,"column":3}}}},"branchMap":{"0":{"loc":{"start":{"line":34,"column":4},"end":{"line":36,"column":5}},"type":"if","locations":[{"start":{"line":34,"column":4},"end":{"line":36,"column":5}}]},"1":{"loc":{"start":{"line":49,"column":4},"end":{"line":60,"column":5}},"type":"if","locations":[{"start":{"line":49,"column":4},"end":{"line":60,"column":5}}]},"2":{"loc":{"start":{"line":64,"column":4},"end":{"line":66,"column":5}},"type":"if","locations":[{"start":{"line":64,"column":4},"end":{"line":66,"column":5}}]},"3":{"loc":{"start":{"line":75,"column":6},"end":{"line":77,"column":7}},"type":"if","locations":[{"start":{"line":75,"column":6},"end":{"line":77,"column":7}}]},"4":{"loc":{"start":{"line":75,"column":10},"end":{"line":75,"column":44}},"type":"binary-expr","locations":[{"start":{"line":75,"column":10},"end":{"line":75,"column":19}},{"start":{"line":75,"column":23},"end":{"line":75,"column":44}}]},"5":{"loc":{"start":{"line":80,"column":8},"end":{"line":83,"column":9}},"type":"if","locations":[{"start":{"line":80,"column":8},"end":{"line":83,"column":9}}]},"6":{"loc":{"start":{"line":107,"column":6},"end":{"line":113,"column":7}},"type":"if","locations":[{"start":{"line":107,"column":6},"end":{"line":113,"column":7}}]},"7":{"loc":{"start":{"line":107,"column":10},"end":{"line":107,"column":75}},"type":"binary-expr","locations":[{"start":{"line":107,"column":10},"end":{"line":107,"column":21}},{"start":{"line":107,"column":25},"end":{"line":107,"column":75}}]}},"s":{"0":1,"1":1,"2":1,"3":1,"4":1,"5":1,"6":8,"7":8,"8":8,"9":8,"10":8,"11":8,"12":8,"13":0,"14":0,"15":1,"16":1,"17":1,"18":0,"19":1,"20":1,"21":1,"22":1,"23":0,"24":0,"25":0,"26":0,"27":0,"28":0,"29":6,"30":0,"31":6,"32":6,"33":6,"34":6,"35":0,"36":6,"37":6,"38":0,"39":0,"40":6,"41":0,"42":0,"43":6,"44":6,"45":6,"46":6,"47":6,"48":6,"49":6,"50":1,"51":1,"52":1,"53":5,"54":4,"55":4,"56":4,"57":1,"58":1,"59":1,"60":1},"f":{"0":8,"1":0,"2":1,"3":1,"4":1,"5":0,"6":0,"7":0,"8":6,"9":6},"b":{"0":[0],"1":[0],"2":[0],"3":[0],"4":[6,6],"5":[0],"6":[1],"7":[6,1]}}
,"/Users/harry/Work/mufin/msq-relayer-service/packages/queue-consumer/src/main.ts": {"path":"/Users/harry/Work/mufin/msq-relayer-service/packages/queue-consumer/src/main.ts","statementMap":{"0":{"start":{"line":1,"column":0},"end":{"line":1,"column":43}},"1":{"start":{"line":2,"column":0},"end":{"line":2,"column":40}},"2":{"start":{"line":3,"column":0},"end":{"line":3,"column":51}},"3":{"start":{"line":6,"column":17},"end":{"line":6,"column":48}},"4":{"start":{"line":8,"column":14},"end":{"line":10,"column":4}},"5":{"start":{"line":12,"column":15},"end":{"line":12,"column":39}},"6":{"start":{"line":14,"column":2},"end":{"line":14,"column":25}},"7":{"start":{"line":15,"column":2},"end":{"line":15,"column":57}},"8":{"start":{"line":18,"column":0},"end":{"line":21,"column":3}},"9":{"start":{"line":19,"column":2},"end":{"line":19,"column":51}},"10":{"start":{"line":20,"column":2},"end":{"line":20,"column":18}}},"fnMap":{"0":{"name":"bootstrap","decl":{"start":{"line":5,"column":15},"end":{"line":5,"column":24}},"loc":{"start":{"line":5,"column":24},"end":{"line":16,"column":1}}},"1":{"name":"(anonymous_1)","decl":{"start":{"line":18,"column":18},"end":{"line":18,"column":19}},"loc":{"start":{"line":18,"column":26},"end":{"line":21,"column":1}}}},"branchMap":{"0":{"loc":{"start":{"line":12,"column":15},"end":{"line":12,"column":39}},"type":"binary-expr","locations":[{"start":{"line":12,"column":15},"end":{"line":12,"column":31}},{"start":{"line":12,"column":35},"end":{"line":12,"column":39}}]}},"s":{"0":0,"1":0,"2":0,"3":0,"4":0,"5":0,"6":0,"7":0,"8":0,"9":0,"10":0},"f":{"0":0,"1":0},"b":{"0":[0,0]}}
,"/Users/harry/Work/mufin/msq-relayer-service/packages/queue-consumer/src/config/configuration.ts": {"path":"/Users/harry/Work/mufin/msq-relayer-service/packages/queue-consumer/src/config/configuration.ts","statementMap":{"0":{"start":{"line":1,"column":0},"end":{"line":33,"column":3}},"1":{"start":{"line":1,"column":22},"end":{"line":33,"column":2}}},"fnMap":{"0":{"name":"(anonymous_0)","decl":{"start":{"line":1,"column":15},"end":{"line":1,"column":18}},"loc":{"start":{"line":1,"column":22},"end":{"line":33,"column":2}}}},"branchMap":{"0":{"loc":{"start":{"line":2,"column":11},"end":{"line":2,"column":48}},"type":"binary-expr","locations":[{"start":{"line":2,"column":11},"end":{"line":2,"column":31}},{"start":{"line":2,"column":35},"end":{"line":2,"column":48}}]},"1":{"loc":{"start":{"line":3,"column":17},"end":{"line":3,"column":43}},"type":"binary-expr","locations":[{"start":{"line":3,"column":17},"end":{"line":3,"column":33}},{"start":{"line":3,"column":37},"end":{"line":3,"column":43}}]},"2":{"loc":{"start":{"line":6,"column":9},"end":{"line":6,"column":83}},"type":"binary-expr","locations":[{"start":{"line":6,"column":9},"end":{"line":6,"column":33}},{"start":{"line":6,"column":37},"end":{"line":6,"column":83}}]},"3":{"loc":{"start":{"line":10,"column":9},"end":{"line":10,"column":58}},"type":"binary-expr","locations":[{"start":{"line":10,"column":9},"end":{"line":10,"column":30}},{"start":{"line":10,"column":34},"end":{"line":10,"column":58}}]},"4":{"loc":{"start":{"line":15,"column":14},"end":{"line":15,"column":98}},"type":"binary-expr","locations":[{"start":{"line":15,"column":14},"end":{"line":15,"column":39}},{"start":{"line":15,"column":43},"end":{"line":15,"column":98}}]},"5":{"loc":{"start":{"line":16,"column":12},"end":{"line":16,"column":98}},"type":"binary-expr","locations":[{"start":{"line":16,"column":12},"end":{"line":16,"column":35}},{"start":{"line":16,"column":39},"end":{"line":16,"column":98}}]},"6":{"loc":{"start":{"line":17,"column":12},"end":{"line":17,"column":54}},"type":"binary-expr","locations":[{"start":{"line":17,"column":12},"end":{"line":17,"column":34}},{"start":{"line":17,"column":38},"end":{"line":17,"column":54}}]},"7":{"loc":{"start":{"line":23,"column":9},"end":{"line":23,"column":62}},"type":"binary-expr","locations":[{"start":{"line":23,"column":9},"end":{"line":23,"column":35}},{"start":{"line":23,"column":39},"end":{"line":23,"column":62}}]},"8":{"loc":{"start":{"line":24,"column":12},"end":{"line":24,"column":83}},"type":"binary-expr","locations":[{"start":{"line":24,"column":12},"end":{"line":24,"column":42}},{"start":{"line":24,"column":46},"end":{"line":24,"column":83}}]}},"s":{"0":0,"1":0},"f":{"0":0},"b":{"0":[0,0],"1":[0,0],"2":[0,0],"3":[0,0],"4":[0,0],"5":[0,0],"6":[0,0],"7":[0,0],"8":[0,0]}}
,"/Users/harry/Work/mufin/msq-relayer-service/packages/queue-consumer/src/prisma/prisma.service.ts": {"path":"/Users/harry/Work/mufin/msq-relayer-service/packages/queue-consumer/src/prisma/prisma.service.ts","statementMap":{"0":{"start":{"line":1,"column":0},"end":{"line":1,"column":75}},"1":{"start":{"line":2,"column":0},"end":{"line":2,"column":46}},"2":{"start":{"line":5,"column":7},"end":{"line":23,"column":null}},"3":{"start":{"line":7,"column":4},"end":{"line":13,"column":7}},"4":{"start":{"line":17,"column":4},"end":{"line":17,"column":26}},"5":{"start":{"line":21,"column":4},"end":{"line":21,"column":29}},"6":{"start":{"line":5,"column":13},"end":{"line":5,"column":26}},"7":{"start":{"line":5,"column":13},"end":{"line":23,"column":null}}},"fnMap":{"0":{"name":"(anonymous_2)","decl":{"start":{"line":6,"column":2},"end":{"line":6,"column":null}},"loc":{"start":{"line":6,"column":2},"end":{"line":14,"column":3}}},"1":{"name":"(anonymous_3)","decl":{"start":{"line":16,"column":2},"end":{"line":16,"column":7}},"loc":{"start":{"line":16,"column":20},"end":{"line":18,"column":3}}},"2":{"name":"(anonymous_4)","decl":{"start":{"line":20,"column":2},"end":{"line":20,"column":7}},"loc":{"start":{"line":20,"column":23},"end":{"line":22,"column":3}}}},"branchMap":{},"s":{"0":1,"1":1,"2":1,"3":0,"4":0,"5":0,"6":1,"7":1},"f":{"0":0,"1":0,"2":0},"b":{}}
,"/Users/harry/Work/mufin/msq-relayer-service/packages/queue-consumer/src/relay/oz-relayer.client.ts": {"path":"/Users/harry/Work/mufin/msq-relayer-service/packages/queue-consumer/src/relay/oz-relayer.client.ts","statementMap":{"0":{"start":{"line":1,"column":0},"end":{"line":1,"column":52}},"1":{"start":{"line":2,"column":0},"end":{"line":2,"column":47}},"2":{"start":{"line":3,"column":0},"end":{"line":3,"column":44}},"3":{"start":{"line":4,"column":0},"end":{"line":4,"column":42}},"4":{"start":{"line":7,"column":28},"end":{"line":47,"column":null}},"5":{"start":{"line":13,"column":12},"end":{"line":13,"column":27}},"6":{"start":{"line":14,"column":12},"end":{"line":14,"column":25}},"7":{"start":{"line":8,"column":19},"end":{"line":8,"column":61}},"8":{"start":{"line":16,"column":4},"end":{"line":16,"column":92}},"9":{"start":{"line":17,"column":4},"end":{"line":17,"column":108}},"10":{"start":{"line":21,"column":4},"end":{"line":45,"column":5}},"11":{"start":{"line":22,"column":6},"end":{"line":22,"column":72}},"12":{"start":{"line":24,"column":23},"end":{"line":33,"column":null}},"13":{"start":{"line":36,"column":6},"end":{"line":36,"column":65}},"14":{"start":{"line":37,"column":6},"end":{"line":37,"column":27}},"15":{"start":{"line":39,"column":25},"end":{"line":39,"column":44}},"16":{"start":{"line":40,"column":6},"end":{"line":43,"column":8}},"17":{"start":{"line":44,"column":6},"end":{"line":44,"column":18}},"18":{"start":{"line":7,"column":13},"end":{"line":7,"column":28}},"19":{"start":{"line":7,"column":13},"end":{"line":47,"column":null}}},"fnMap":{"0":{"name":"(anonymous_3)","decl":{"start":{"line":12,"column":2},"end":{"line":12,"column":null}},"loc":{"start":{"line":14,"column":36},"end":{"line":18,"column":3}}},"1":{"name":"(anonymous_4)","decl":{"start":{"line":20,"column":2},"end":{"line":20,"column":7}},"loc":{"start":{"line":20,"column":40},"end":{"line":46,"column":3}}}},"branchMap":{"0":{"loc":{"start":{"line":16,"column":19},"end":{"line":16,"column":91}},"type":"binary-expr","locations":[{"start":{"line":16,"column":19},"end":{"line":16,"column":64}},{"start":{"line":16,"column":68},"end":{"line":16,"column":91}}]},"1":{"loc":{"start":{"line":17,"column":18},"end":{"line":17,"column":107}},"type":"binary-expr","locations":[{"start":{"line":17,"column":18},"end":{"line":17,"column":66}},{"start":{"line":17,"column":70},"end":{"line":17,"column":107}}]}},"s":{"0":1,"1":1,"2":1,"3":1,"4":1,"5":0,"6":0,"7":0,"8":0,"9":0,"10":0,"11":0,"12":0,"13":0,"14":0,"15":0,"16":0,"17":0,"18":1,"19":1},"f":{"0":0,"1":0},"b":{"0":[0,0],"1":[0,0]}}
,"/Users/harry/Work/mufin/msq-relayer-service/packages/queue-consumer/src/sqs/sqs.adapter.ts": {"path":"/Users/harry/Work/mufin/msq-relayer-service/packages/queue-consumer/src/sqs/sqs.adapter.ts","statementMap":{"0":{"start":{"line":1,"column":0},"end":{"line":1,"column":52}},"1":{"start":{"line":2,"column":0},"end":{"line":2,"column":47}},"2":{"start":{"line":3,"column":0},"end":{"line":3,"column":null}},"3":{"start":{"line":12,"column":23},"end":{"line":87,"column":null}},"4":{"start":{"line":16,"column":22},"end":{"line":16,"column":37}},"5":{"start":{"line":13,"column":19},"end":{"line":13,"column":56}},"6":{"start":{"line":17,"column":4},"end":{"line":17,"column":28}},"7":{"start":{"line":21,"column":21},"end":{"line":21,"column":67}},"8":{"start":{"line":22,"column":19},"end":{"line":22,"column":63}},"9":{"start":{"line":23,"column":20},"end":{"line":23,"column":30}},"10":{"start":{"line":25,"column":4},"end":{"line":25,"column":83}},"11":{"start":{"line":27,"column":4},"end":{"line":41,"column":6}},"12":{"start":{"line":48,"column":21},"end":{"line":48,"column":67}},"13":{"start":{"line":50,"column":4},"end":{"line":67,"column":5}},"14":{"start":{"line":51,"column":22},"end":{"line":59,"column":8}},"15":{"start":{"line":61,"column":23},"end":{"line":61,"column":54}},"16":{"start":{"line":62,"column":6},"end":{"line":62,"column":37}},"17":{"start":{"line":64,"column":18},"end":{"line":64,"column":32}},"18":{"start":{"line":65,"column":6},"end":{"line":65,"column":81}},"19":{"start":{"line":66,"column":6},"end":{"line":66,"column":18}},"20":{"start":{"line":71,"column":21},"end":{"line":71,"column":67}},"21":{"start":{"line":73,"column":4},"end":{"line":85,"column":5}},"22":{"start":{"line":74,"column":22},"end":{"line":77,"column":8}},"23":{"start":{"line":79,"column":6},"end":{"line":79,"column":38}},"24":{"start":{"line":80,"column":6},"end":{"line":80,"column":61}},"25":{"start":{"line":82,"column":18},"end":{"line":82,"column":32}},"26":{"start":{"line":83,"column":6},"end":{"line":83,"column":79}},"27":{"start":{"line":84,"column":6},"end":{"line":84,"column":18}},"28":{"start":{"line":12,"column":13},"end":{"line":12,"column":23}},"29":{"start":{"line":12,"column":13},"end":{"line":87,"column":null}}},"fnMap":{"0":{"name":"(anonymous_2)","decl":{"start":{"line":16,"column":2},"end":{"line":16,"column":22}},"loc":{"start":{"line":16,"column":50},"end":{"line":18,"column":3}}},"1":{"name":"(anonymous_3)","decl":{"start":{"line":20,"column":10},"end":{"line":20,"column":26}},"loc":{"start":{"line":20,"column":26},"end":{"line":42,"column":3}}},"2":{"name":"(anonymous_4)","decl":{"start":{"line":44,"column":2},"end":{"line":44,"column":7}},"loc":{"start":{"line":46,"column":36},"end":{"line":68,"column":3}}},"3":{"name":"(anonymous_5)","decl":{"start":{"line":70,"column":2},"end":{"line":70,"column":7}},"loc":{"start":{"line":70,"column":43},"end":{"line":86,"column":3}}}},"branchMap":{"0":{"loc":{"start":{"line":25,"column":48},"end":{"line":25,"column":78}},"type":"cond-expr","locations":[{"start":{"line":25,"column":58},"end":{"line":25,"column":70}},{"start":{"line":25,"column":73},"end":{"line":25,"column":78}}]},"1":{"loc":{"start":{"line":28,"column":6},"end":{"line":40,"column":null}},"type":"cond-expr","locations":[{"start":{"line":29,"column":10},"end":{"line":36,"column":null}},{"start":{"line":37,"column":10},"end":{"line":40,"column":null}}]},"2":{"loc":{"start":{"line":33,"column":27},"end":{"line":33,"column":78}},"type":"binary-expr","locations":[{"start":{"line":33,"column":27},"end":{"line":33,"column":68}},{"start":{"line":33,"column":72},"end":{"line":33,"column":78}}]},"3":{"loc":{"start":{"line":34,"column":31},"end":{"line":34,"column":86}},"type":"binary-expr","locations":[{"start":{"line":34,"column":31},"end":{"line":34,"column":76}},{"start":{"line":34,"column":80},"end":{"line":34,"column":86}}]},"4":{"loc":{"start":{"line":45,"column":4},"end":{"line":45,"column":32}},"type":"default-arg","locations":[{"start":{"line":45,"column":30},"end":{"line":45,"column":32}}]},"5":{"loc":{"start":{"line":46,"column":4},"end":{"line":46,"column":36}},"type":"default-arg","locations":[{"start":{"line":46,"column":34},"end":{"line":46,"column":36}}]},"6":{"loc":{"start":{"line":62,"column":13},"end":{"line":62,"column":36}},"type":"binary-expr","locations":[{"start":{"line":62,"column":13},"end":{"line":62,"column":30}},{"start":{"line":62,"column":34},"end":{"line":62,"column":36}}]}},"s":{"0":1,"1":1,"2":1,"3":1,"4":0,"5":0,"6":0,"7":0,"8":0,"9":0,"10":0,"11":0,"12":0,"13":0,"14":0,"15":0,"16":0,"17":0,"18":0,"19":0,"20":0,"21":0,"22":0,"23":0,"24":0,"25":0,"26":0,"27":0,"28":1,"29":1},"f":{"0":0,"1":0,"2":0,"3":0},"b":{"0":[0,0],"1":[0,0],"2":[0,0],"3":[0,0],"4":[0],"5":[0],"6":[0,0]}}
}
