TN:
SF:src/consumer.module.ts
FNF:0
FNH:0
DA:1,0
DA:2,0
DA:3,0
DA:4,0
DA:5,0
DA:6,0
DA:7,0
DA:23,0
LF:8
LH:0
BRF:0
BRH:0
end_of_record
TN:
SF:src/consumer.service.ts
FN:18,(anonymous_2)
FN:25,(anonymous_3)
FN:30,(anonymous_4)
FN:43,(anonymous_5)
FN:45,(anonymous_6)
FN:48,(anonymous_7)
FN:50,(anonymous_8)
FN:57,(anonymous_9)
FN:63,(anonymous_10)
FN:93,(anonymous_11)
FNF:10
FNH:6
FNDA:8,(anonymous_2)
FNDA:0,(anonymous_3)
FNDA:1,(anonymous_4)
FNDA:1,(anonymous_5)
FNDA:1,(anonymous_6)
FNDA:0,(anonymous_7)
FNDA:0,(anonymous_8)
FNDA:0,(anonymous_9)
FNDA:6,(anonymous_10)
FNDA:6,(anonymous_11)
DA:1,1
DA:7,1
DA:8,1
DA:9,1
DA:10,1
DA:13,1
DA:14,8
DA:15,8
DA:16,8
DA:19,8
DA:20,8
DA:21,8
DA:22,8
DA:26,0
DA:27,0
DA:31,1
DA:32,1
DA:34,1
DA:35,0
DA:39,1
DA:40,1
DA:45,1
DA:49,0
DA:50,0
DA:51,0
DA:52,0
DA:56,0
DA:57,0
DA:64,6
DA:65,0
DA:68,6
DA:69,6
DA:70,6
DA:75,6
DA:76,0
DA:79,6
DA:80,6
DA:81,0
DA:82,0
DA:85,6
DA:88,0
DA:89,0
DA:94,6
DA:96,6
DA:97,6
DA:98,6
DA:100,6
DA:103,6
DA:107,6
DA:108,1
DA:111,1
DA:112,1
DA:116,5
DA:119,4
DA:128,4
DA:130,4
DA:132,1
DA:133,1
LF:58
LH:43
BRDA:34,0,0,0
BRDA:49,1,0,0
BRDA:64,2,0,0
BRDA:75,3,0,0
BRDA:75,4,0,6
BRDA:75,4,1,6
BRDA:80,5,0,0
BRDA:107,6,0,1
BRDA:107,7,0,6
BRDA:107,7,1,1
BRF:10
BRH:5
end_of_record
TN:
SF:src/main.ts
FN:5,bootstrap
FN:18,(anonymous_1)
FNF:2
FNH:0
FNDA:0,bootstrap
FNDA:0,(anonymous_1)
DA:1,0
DA:2,0
DA:3,0
DA:6,0
DA:8,0
DA:12,0
DA:14,0
DA:15,0
DA:18,0
DA:19,0
DA:20,0
LF:11
LH:0
BRDA:12,0,0,0
BRDA:12,0,1,0
BRF:2
BRH:0
end_of_record
TN:
SF:src/config/configuration.ts
FN:1,(anonymous_0)
FNF:1
FNH:0
FNDA:0,(anonymous_0)
DA:1,0
LF:1
LH:0
BRDA:2,0,0,0
BRDA:2,0,1,0
BRDA:3,1,0,0
BRDA:3,1,1,0
BRDA:6,2,0,0
BRDA:6,2,1,0
BRDA:10,3,0,0
BRDA:10,3,1,0
BRDA:15,4,0,0
BRDA:15,4,1,0
BRDA:16,5,0,0
BRDA:16,5,1,0
BRDA:17,6,0,0
BRDA:17,6,1,0
BRDA:23,7,0,0
BRDA:23,7,1,0
BRDA:24,8,0,0
BRDA:24,8,1,0
BRF:18
BRH:0
end_of_record
TN:
SF:src/prisma/prisma.service.ts
FN:6,(anonymous_2)
FN:16,(anonymous_3)
FN:20,(anonymous_4)
FNF:3
FNH:0
FNDA:0,(anonymous_2)
FNDA:0,(anonymous_3)
FNDA:0,(anonymous_4)
DA:1,1
DA:2,1
DA:5,1
DA:7,0
DA:17,0
DA:21,0
LF:6
LH:3
BRF:0
BRH:0
end_of_record
TN:
SF:src/relay/oz-relayer.client.ts
FN:12,(anonymous_3)
FN:20,(anonymous_4)
FNF:2
FNH:0
FNDA:0,(anonymous_3)
FNDA:0,(anonymous_4)
DA:1,1
DA:2,1
DA:3,1
DA:4,1
DA:7,1
DA:8,0
DA:13,0
DA:14,0
DA:16,0
DA:17,0
DA:21,0
DA:22,0
DA:24,0
DA:36,0
DA:37,0
DA:39,0
DA:40,0
DA:44,0
LF:18
LH:5
BRDA:16,0,0,0
BRDA:16,0,1,0
BRDA:17,1,0,0
BRDA:17,1,1,0
BRF:4
BRH:0
end_of_record
TN:
SF:src/sqs/sqs.adapter.ts
FN:16,(anonymous_2)
FN:20,(anonymous_3)
FN:44,(anonymous_4)
FN:70,(anonymous_5)
FNF:4
FNH:0
FNDA:0,(anonymous_2)
FNDA:0,(anonymous_3)
FNDA:0,(anonymous_4)
FNDA:0,(anonymous_5)
DA:1,1
DA:2,1
DA:3,1
DA:12,1
DA:13,0
DA:16,0
DA:17,0
DA:21,0
DA:22,0
DA:23,0
DA:25,0
DA:27,0
DA:48,0
DA:50,0
DA:51,0
DA:61,0
DA:62,0
DA:64,0
DA:65,0
DA:66,0
DA:71,0
DA:73,0
DA:74,0
DA:79,0
DA:80,0
DA:82,0
DA:83,0
DA:84,0
LF:28
LH:4
BRDA:25,0,0,0
BRDA:25,0,1,0
BRDA:28,1,0,0
BRDA:28,1,1,0
BRDA:33,2,0,0
BRDA:33,2,1,0
BRDA:34,3,0,0
BRDA:34,3,1,0
BRDA:45,4,0,0
BRDA:46,5,0,0
BRDA:62,6,0,0
BRDA:62,6,1,0
BRF:12
BRH:0
end_of_record
